<?xml version="1.0" encoding="UTF-8"?>
<testng-results ignored="0" total="2" passed="2" failed="0" skipped="0">
  <reporter-output>
  </reporter-output>
  <suite started-at="2024-07-26T19:20:37 IST" name="Suite" finished-at="2024-07-26T19:21:32 IST" duration-ms="55189">
    <groups>
    </groups>
    <test started-at="2024-07-26T19:20:37 IST" name="Test" finished-at="2024-07-26T19:21:32 IST" duration-ms="55189">
      <class name="insuranceTestcase.RequestQuotationTestcase">
        <test-method signature="ReqTestQuotation(java.lang.String,java.lang.String,java.lang.String)[pri:0, instance:insuranceTestcase.RequestQuotationTestcase@534a5a98]" started-at="2024-07-26T19:21:25 IST" name="ReqTestQuotation" finished-at="2024-07-26T19:21:32 IST" duration-ms="6849" status="PASS">
          <params>
            <param index="0">
              <value>
                <![CDATA[Qutationtestvaue]]>
              </value>
            </param>
            <param index="1">
              <value>
                <![CDATA[incidenttest]]>
              </value>
            </param>
            <param index="2">
              <value>
                <![CDATA[Attributeentry]]>
              </value>
            </param>
          </params>
          <reporter-output>
          </reporter-output>
        </test-method> <!-- ReqTestQuotation -->
      </class> <!-- insuranceTestcase.RequestQuotationTestcase -->
      <class name="insuranceTestcase.HomepageTestcase">
        <test-method signature="homePageMethod()[pri:0, instance:insuranceTestcase.HomepageTestcase@2dc54ad4]" started-at="2024-07-26T19:20:37 IST" name="homePageMethod" finished-at="2024-07-26T19:21:25 IST" duration-ms="47768" status="PASS">
          <reporter-output>
          </reporter-output>
        </test-method> <!-- homePageMethod -->
      </class> <!-- insuranceTestcase.HomepageTestcase -->
    </test> <!-- Test -->
  </suite> <!-- Suite -->
</testng-results>
